{"numFailedTestSuites":0,"numFailedTests":0,"numPassedTestSuites":11,"numPassedTests":502,"numPendingTestSuites":0,"numPendingTests":0,"numRuntimeErrorTestSuites":0,"numTodoTests":0,"numTotalTestSuites":11,"numTotalTests":502,"openHandles":[],"snapshot":{"added":0,"didUpdate":false,"failure":false,"filesAdded":0,"filesRemoved":0,"filesRemovedList":[],"filesUnmatched":0,"filesUpdated":0,"matched":0,"total":0,"unchecked":0,"uncheckedKeysByFile":[],"unmatched":0,"updated":0},"startTime":1773545116098,"success":true,"testResults":[{"assertionResults":[{"ancestorTitles":["Menu Page","HTML Structure"],"duration":2,"failureDetails":[],"failureMessages":[],"fullName":"Menu Page HTML Structure should have valid HTML5 structure","invocations":1,"location":null,"numPassingAsserts":4,"retryReasons":[],"status":"passed","title":"should have valid HTML5 structure"},{"ancestorTitles":["Menu Page","HTML Structure"],"duration":0,"failureDetails":[],"failureMessages":[],"fullName":"Menu Page HTML Structure should have proper charset and viewport","invocations":1,"location":null,"numPassingAsserts":2,"retryReasons":[],"status":"passed","title":"should have proper charset and viewport"},{"ancestorTitles":["Menu Page","HTML Structure"],"duration":1,"failureDetails":[],"failureMessages":[],"fullName":"Menu Page HTML Structure should have page title","invocations":1,"location":null,"numPassingAsserts":1,"retryReasons":[],"status":"passed","title":"should have page title"},{"ancestorTitles":["Menu Page","HTML Structure"],"duration":0,"failureDetails":[],"failureMessages":[],"fullName":"Menu Page HTML Structure should have SEO meta description","invocations":1,"location":null,"numPassingAsserts":1,"retryReasons":[],"status":"passed","title":"should have SEO meta description"},{"ancestorTitles":["Menu Page","HTML Structure"],"duration":1,"failureDetails":[],"failureMessages":[],"fullName":"Menu Page HTML Structure should have Open Graph tags","invocations":1,"location":null,"numPassingAsserts":4,"retryReasons":[],"status":"passed","title":"should have Open Graph tags"},{"ancestorTitles":["Menu Page","HTML Structure"],"duration":0,"failureDetails":[],"failureMessages":[],"fullName":"Menu Page HTML Structure should have Twitter Card tags","invocations":1,"location":null,"numPassingAsserts":2,"retryReasons":[],"status":"passed","title":"should have Twitter Card tags"},{"ancestorTitles":["Menu Page","HTML Structure"],"duration":0,"failureDetails":[],"failureMessages":[],"fullName":"Menu Page HTML Structure should have manifest link for PWA","invocations":1,"location":null,"numPassingAsserts":2,"retryReasons":[],"status":"passed","title":"should have manifest link for PWA"},{"ancestorTitles":["Menu Page","Menu Hero Section"],"duration":0,"failureDetails":[],"failureMessages":[],"fullName":"Menu Page Menu Hero Section should have menu hero section","invocations":1,"location":null,"numPassingAsserts":1,"retryReasons":[],"status":"passed","title":"should have menu hero section"},{"ancestorTitles":["Menu Page","Menu Hero Section"],"duration":0,"failureDetails":[],"failureMessages":[],"fullName":"Menu Page Menu Hero Section should have menu hero title","invocations":1,"location":null,"numPassingAsserts":1,"retryReasons":[],"status":"passed","title":"should have menu hero title"},{"ancestorTitles":["Menu Page","Menu Hero Section"],"duration":0,"failureDetails":[],"failureMessages":[],"fullName":"Menu Page Menu Hero Section should have menu hero subtitle","invocations":1,"location":null,"numPassingAsserts":1,"retryReasons":[],"status":"passed","title":"should have menu hero subtitle"},{"ancestorTitles":["Menu Page","Menu Filter System"],"duration":0,"failureDetails":[],"failureMessages":[],"fullName":"Menu Page Menu Filter System should have filter buttons container","invocations":1,"location":null,"numPassingAsserts":2,"retryReasons":[],"status":"passed","title":"should have filter buttons container"},{"ancestorTitles":["Menu Page","Menu Filter System"],"duration":0,"failureDetails":[],"failureMessages":[],"fullName":"Menu Page Menu Filter System should have filter buttons with data attributes","invocations":1,"location":null,"numPassingAsserts":5,"retryReasons":[],"status":"passed","title":"should have filter buttons with data attributes"},{"ancestorTitles":["Menu Page","Menu Filter System"],"duration":0,"failureDetails":[],"failureMessages":[],"fullName":"Menu Page Menu Filter System should have active state on All filter by default","invocations":1,"location":null,"numPassingAsserts":1,"retryReasons":[],"status":"passed","title":"should have active state on All filter by default"},{"ancestorTitles":["Menu Page","Menu Categories"],"duration":0,"failureDetails":[],"failureMessages":[],"fullName":"Menu Page Menu Categories should have menu categories with data-category","invocations":1,"location":null,"numPassingAsserts":2,"retryReasons":[],"status":"passed","title":"should have menu categories with data-category"},{"ancestorTitles":["Menu Page","Menu Categories"],"duration":0,"failureDetails":[],"failureMessages":[],"fullName":"Menu Page Menu Categories should have coffee category section","invocations":1,"location":null,"numPassingAsserts":1,"retryReasons":[],"status":"passed","title":"should have coffee category section"},{"ancestorTitles":["Menu Page","Menu Categories"],"duration":1,"failureDetails":[],"failureMessages":[],"fullName":"Menu Page Menu Categories should have signature drinks category","invocations":1,"location":null,"numPassingAsserts":1,"retryReasons":[],"status":"passed","title":"should have signature drinks category"},{"ancestorTitles":["Menu Page","Menu Categories"],"duration":0,"failureDetails":[],"failureMessages":[],"fullName":"Menu Page Menu Categories should have snacks/food category","invocations":1,"location":null,"numPassingAsserts":1,"retryReasons":[],"status":"passed","title":"should have snacks/food category"},{"ancestorTitles":["Menu Page","Menu Categories"],"duration":0,"failureDetails":[],"failureMessages":[],"fullName":"Menu Page Menu Categories should have menu cards","invocations":1,"location":null,"numPassingAsserts":1,"retryReasons":[],"status":"passed","title":"should have menu cards"},{"ancestorTitles":["Menu Page","Menu Categories"],"duration":0,"failureDetails":[],"failureMessages":[],"fullName":"Menu Page Menu Categories should have menu card images","invocations":1,"location":null,"numPassingAsserts":1,"retryReasons":[],"status":"passed","title":"should have menu card images"},{"ancestorTitles":["Menu Page","Menu Categories"],"duration":0,"failureDetails":[],"failureMessages":[],"fullName":"Menu Page Menu Categories should have menu item names","invocations":1,"location":null,"numPassingAsserts":1,"retryReasons":[],"status":"passed","title":"should have menu item names"},{"ancestorTitles":["Menu Page","Menu Categories"],"duration":0,"failureDetails":[],"failureMessages":[],"fullName":"Menu Page Menu Categories should have menu item prices","invocations":1,"location":null,"numPassingAsserts":1,"retryReasons":[],"status":"passed","title":"should have menu item prices"},{"ancestorTitles":["Menu Page","Menu Categories"],"duration":0,"failureDetails":[],"failureMessages":[],"fullName":"Menu Page Menu Categories should have menu item descriptions","invocations":1,"location":null,"numPassingAsserts":1,"retryReasons":[],"status":"passed","title":"should have menu item descriptions"},{"ancestorTitles":["Menu Page","Gallery Section"],"duration":0,"failureDetails":[],"failureMessages":[],"fullName":"Menu Page Gallery Section should have gallery section","invocations":1,"location":null,"numPassingAsserts":1,"retryReasons":[],"status":"passed","title":"should have gallery section"},{"ancestorTitles":["Menu Page","Gallery Section"],"duration":0,"failureDetails":[],"failureMessages":[],"fullName":"Menu Page Gallery Section should have gallery grid layout","invocations":1,"location":null,"numPassingAsserts":1,"retryReasons":[],"status":"passed","title":"should have gallery grid layout"},{"ancestorTitles":["Menu Page","Gallery Section"],"duration":1,"failureDetails":[],"failureMessages":[],"fullName":"Menu Page Gallery Section should have gallery items","invocations":1,"location":null,"numPassingAsserts":1,"retryReasons":[],"status":"passed","title":"should have gallery items"},{"ancestorTitles":["Menu Page","Gallery Section"],"duration":0,"failureDetails":[],"failureMessages":[],"fullName":"Menu Page Gallery Section should have gallery overlay on hover","invocations":1,"location":null,"numPassingAsserts":1,"retryReasons":[],"status":"passed","title":"should have gallery overlay on hover"},{"ancestorTitles":["Menu Page","Gallery Section"],"duration":0,"failureDetails":[],"failureMessages":[],"fullName":"Menu Page Gallery Section should have lightbox for gallery","invocations":1,"location":null,"numPassingAsserts":2,"retryReasons":[],"status":"passed","title":"should have lightbox for gallery"},{"ancestorTitles":["Menu Page","Menu JavaScript Functionality"],"duration":0,"failureDetails":[],"failureMessages":[],"fullName":"Menu Page Menu JavaScript Functionality should have DOMContentLoaded listener","invocations":1,"location":null,"numPassingAsserts":1,"retryReasons":[],"status":"passed","title":"should have DOMContentLoaded listener"},{"ancestorTitles":["Menu Page","Menu JavaScript Functionality"],"duration":0,"failureDetails":[],"failureMessages":[],"fullName":"Menu Page Menu JavaScript Functionality should have initMenuFilter function","invocations":1,"location":null,"numPassingAsserts":1,"retryReasons":[],"status":"passed","title":"should have initMenuFilter function"},{"ancestorTitles":["Menu Page","Menu JavaScript Functionality"],"duration":0,"failureDetails":[],"failureMessages":[],"fullName":"Menu Page Menu JavaScript Functionality should have filter button click handlers","invocations":1,"location":null,"numPassingAsserts":3,"retryReasons":[],"status":"passed","title":"should have filter button click handlers"},{"ancestorTitles":["Menu Page","Menu JavaScript Functionality"],"duration":0,"failureDetails":[],"failureMessages":[],"fullName":"Menu Page Menu JavaScript Functionality should have category filtering logic","invocations":1,"location":null,"numPassingAsserts":3,"retryReasons":[],"status":"passed","title":"should have category filtering logic"},{"ancestorTitles":["Menu Page","Menu JavaScript Functionality"],"duration":0,"failureDetails":[],"failureMessages":[],"fullName":"Menu Page Menu JavaScript Functionality should have animation on filter","invocations":1,"location":null,"numPassingAsserts":3,"retryReasons":[],"status":"passed","title":"should have animation on filter"},{"ancestorTitles":["Menu Page","Menu JavaScript Functionality"],"duration":0,"failureDetails":[],"failureMessages":[],"fullName":"Menu Page Menu JavaScript Functionality should have initGalleryLightbox function","invocations":1,"location":null,"numPassingAsserts":1,"retryReasons":[],"status":"passed","title":"should have initGalleryLightbox function"},{"ancestorTitles":["Menu Page","Menu JavaScript Functionality"],"duration":1,"failureDetails":[],"failureMessages":[],"fullName":"Menu Page Menu JavaScript Functionality should have lightbox overlay creation","invocations":1,"location":null,"numPassingAsserts":2,"retryReasons":[],"status":"passed","title":"should have lightbox overlay creation"},{"ancestorTitles":["Menu Page","Menu JavaScript Functionality"],"duration":0,"failureDetails":[],"failureMessages":[],"fullName":"Menu Page Menu JavaScript Functionality should have lightbox open/close functions","invocations":1,"location":null,"numPassingAsserts":2,"retryReasons":[],"status":"passed","title":"should have lightbox open/close functions"},{"ancestorTitles":["Menu Page","Menu JavaScript Functionality"],"duration":0,"failureDetails":[],"failureMessages":[],"fullName":"Menu Page Menu JavaScript Functionality should have keyboard escape handler","invocations":1,"location":null,"numPassingAsserts":2,"retryReasons":[],"status":"passed","title":"should have keyboard escape handler"},{"ancestorTitles":["Menu Page","Menu JavaScript Functionality"],"duration":0,"failureDetails":[],"failureMessages":[],"fullName":"Menu Page Menu JavaScript Functionality should have initSmoothScroll function","invocations":1,"location":null,"numPassingAsserts":1,"retryReasons":[],"status":"passed","title":"should have initSmoothScroll function"},{"ancestorTitles":["Menu Page","Menu JavaScript Functionality"],"duration":0,"failureDetails":[],"failureMessages":[],"fullName":"Menu Page Menu JavaScript Functionality should have smooth scroll to anchors","invocations":1,"location":null,"numPassingAsserts":3,"retryReasons":[],"status":"passed","title":"should have smooth scroll to anchors"},{"ancestorTitles":["Menu Page","Menu JavaScript Functionality"],"duration":0,"failureDetails":[],"failureMessages":[],"fullName":"Menu Page Menu JavaScript Functionality should have initScrollReveal function","invocations":1,"location":null,"numPassingAsserts":1,"retryReasons":[],"status":"passed","title":"should have initScrollReveal function"},{"ancestorTitles":["Menu Page","Menu JavaScript Functionality"],"duration":0,"failureDetails":[],"failureMessages":[],"fullName":"Menu Page Menu JavaScript Functionality should use IntersectionObserver for reveal","invocations":1,"location":null,"numPassingAsserts":2,"retryReasons":[],"status":"passed","title":"should use IntersectionObserver for reveal"},{"ancestorTitles":["Menu Page","Menu JavaScript Functionality"],"duration":0,"failureDetails":[],"failureMessages":[],"fullName":"Menu Page Menu JavaScript Functionality should have service worker registration","invocations":1,"location":null,"numPassingAsserts":2,"retryReasons":[],"status":"passed","title":"should have service worker registration"},{"ancestorTitles":["Menu Page","Menu CSS Styling"],"duration":0,"failureDetails":[],"failureMessages":[],"fullName":"Menu Page Menu CSS Styling should have menu hero styles","invocations":1,"location":null,"numPassingAsserts":3,"retryReasons":[],"status":"passed","title":"should have menu hero styles"},{"ancestorTitles":["Menu Page","Menu CSS Styling"],"duration":0,"failureDetails":[],"failureMessages":[],"fullName":"Menu Page Menu CSS Styling should have menu filter styles","invocations":1,"location":null,"numPassingAsserts":1,"retryReasons":[],"status":"passed","title":"should have menu filter styles"},{"ancestorTitles":["Menu Page","Menu CSS Styling"],"duration":0,"failureDetails":[],"failureMessages":[],"fullName":"Menu Page Menu CSS Styling should have menu card styles","invocations":1,"location":null,"numPassingAsserts":3,"retryReasons":[],"status":"passed","title":"should have menu card styles"},{"ancestorTitles":["Menu Page","Menu CSS Styling"],"duration":0,"failureDetails":[],"failureMessages":[],"fullName":"Menu Page Menu CSS Styling should have gallery grid styles","invocations":1,"location":null,"numPassingAsserts":2,"retryReasons":[],"status":"passed","title":"should have gallery grid styles"},{"ancestorTitles":["Menu Page","Menu CSS Styling"],"duration":0,"failureDetails":[],"failureMessages":[],"fullName":"Menu Page Menu CSS Styling should have gallery item styles","invocations":1,"location":null,"numPassingAsserts":2,"retryReasons":[],"status":"passed","title":"should have gallery item styles"},{"ancestorTitles":["Menu Page","Menu CSS Styling"],"duration":0,"failureDetails":[],"failureMessages":[],"fullName":"Menu Page Menu CSS Styling should have lightbox styles","invocations":1,"location":null,"numPassingAsserts":2,"retryReasons":[],"status":"passed","title":"should have lightbox styles"},{"ancestorTitles":["Menu Page","Menu CSS Styling"],"duration":1,"failureDetails":[],"failureMessages":[],"fullName":"Menu Page Menu CSS Styling should have responsive styles for menu","invocations":1,"location":null,"numPassingAsserts":4,"retryReasons":[],"status":"passed","title":"should have responsive styles for menu"},{"ancestorTitles":["Menu Page","Menu Performance"],"duration":0,"failureDetails":[],"failureMessages":[],"fullName":"Menu Page Menu Performance HTML file should be under 100KB","invocations":1,"location":null,"numPassingAsserts":1,"retryReasons":[],"status":"passed","title":"HTML file should be under 100KB"},{"ancestorTitles":["Menu Page","Menu Performance"],"duration":0,"failureDetails":[],"failureMessages":[],"fullName":"Menu Page Menu Performance JS file should be under 20KB","invocations":1,"location":null,"numPassingAsserts":1,"retryReasons":[],"status":"passed","title":"JS file should be under 20KB"},{"ancestorTitles":["Menu Page","Menu Accessibility"],"duration":1,"failureDetails":[],"failureMessages":[],"fullName":"Menu Page Menu Accessibility should have alt attributes on images","invocations":1,"location":null,"numPassingAsserts":28,"retryReasons":[],"status":"passed","title":"should have alt attributes on images"},{"ancestorTitles":["Menu Page","Menu Accessibility"],"duration":0,"failureDetails":[],"failureMessages":[],"fullName":"Menu Page Menu Accessibility should have proper heading hierarchy","invocations":1,"location":null,"numPassingAsserts":3,"retryReasons":[],"status":"passed","title":"should have proper heading hierarchy"},{"ancestorTitles":["Menu Page Integration"],"duration":0,"failureDetails":[],"failureMessages":[],"fullName":"Menu Page Integration should link to menu.js","invocations":1,"location":null,"numPassingAsserts":1,"retryReasons":[],"status":"passed","title":"should link to menu.js"},{"ancestorTitles":["Menu Page Integration"],"duration":0,"failureDetails":[],"failureMessages":[],"fullName":"Menu Page Integration should link to styles.css or minified version","invocations":1,"location":null,"numPassingAsserts":1,"retryReasons":[],"status":"passed","title":"should link to styles.css or minified version"},{"ancestorTitles":["Menu Page Integration"],"duration":0,"failureDetails":[],"failureMessages":[],"fullName":"Menu Page Integration should have navigation to home page","invocations":1,"location":null,"numPassingAsserts":1,"retryReasons":[],"status":"passed","title":"should have navigation to home page"},{"ancestorTitles":["Menu Page Integration"],"duration":0,"failureDetails":[],"failureMessages":[],"fullName":"Menu Page Integration should filter menu items by category","invocations":1,"location":null,"numPassingAsserts":1,"retryReasons":[],"status":"passed","title":"should filter menu items by category"},{"ancestorTitles":["Menu Page Integration"],"duration":1,"failureDetails":[],"failureMessages":[],"fullName":"Menu Page Integration should animate items on filter change","invocations":1,"location":null,"numPassingAsserts":2,"retryReasons":[],"status":"passed","title":"should animate items on filter change"},{"ancestorTitles":["Menu Page Integration"],"duration":0,"failureDetails":[],"failureMessages":[],"fullName":"Menu Page Integration should handle gallery item clicks","invocations":1,"location":null,"numPassingAsserts":2,"retryReasons":[],"status":"passed","title":"should handle gallery item clicks"},{"ancestorTitles":["Menu Page Integration"],"duration":1,"failureDetails":[],"failureMessages":[],"fullName":"Menu Page Integration should prevent default on anchor links","invocations":1,"location":null,"numPassingAsserts":1,"retryReasons":[],"status":"passed","title":"should prevent default on anchor links"}],"endTime":1773545116497,"message":"","name":"/Users/mac/mekong-cli/apps/fnb-caffe-container/tests/menu-page.test.js","startTime":1773545116395,"status":"passed","summary":""},{"assertionResults":[{"ancestorTitles":["Dashboard","HTML Structure"],"duration":0,"failureDetails":[],"failureMessages":[],"fullName":"Dashboard HTML Structure should have valid HTML structure","invocations":1,"location":null,"numPassingAsserts":4,"retryReasons":[],"status":"passed","title":"should have valid HTML structure"},{"ancestorTitles":["Dashboard","HTML Structure"],"duration":0,"failureDetails":[],"failureMessages":[],"fullName":"Dashboard HTML Structure should have SEO metadata","invocations":1,"location":null,"numPassingAsserts":4,"retryReasons":[],"status":"passed","title":"should have SEO metadata"},{"ancestorTitles":["Dashboard","HTML Structure"],"duration":1,"failureDetails":[],"failureMessages":[],"fullName":"Dashboard HTML Structure should have PWA support","invocations":1,"location":null,"numPassingAsserts":4,"retryReasons":[],"status":"passed","title":"should have PWA support"},{"ancestorTitles":["Dashboard","HTML Structure"],"duration":0,"failureDetails":[],"failureMessages":[],"fullName":"Dashboard HTML Structure should have favicon links","invocations":1,"location":null,"numPassingAsserts":3,"retryReasons":[],"status":"passed","title":"should have favicon links"},{"ancestorTitles":["Dashboard","HTML Structure"],"duration":0,"failureDetails":[],"failureMessages":[],"fullName":"Dashboard HTML Structure should have sidebar navigation","invocations":1,"location":null,"numPassingAsserts":3,"retryReasons":[],"status":"passed","title":"should have sidebar navigation"},{"ancestorTitles":["Dashboard","HTML Structure"],"duration":0,"failureDetails":[],"failureMessages":[],"fullName":"Dashboard HTML Structure should have all required navigation items","invocations":1,"location":null,"numPassingAsserts":9,"retryReasons":[],"status":"passed","title":"should have all required navigation items"},{"ancestorTitles":["Dashboard","HTML Structure"],"duration":0,"failureDetails":[],"failureMessages":[],"fullName":"Dashboard HTML Structure should have stats grid","invocations":1,"location":null,"numPassingAsserts":2,"retryReasons":[],"status":"passed","title":"should have stats grid"},{"ancestorTitles":["Dashboard","HTML Structure"],"duration":1,"failureDetails":[],"failureMessages":[],"fullName":"Dashboard HTML Structure should have orders table","invocations":1,"location":null,"numPassingAsserts":4,"retryReasons":[],"status":"passed","title":"should have orders table"},{"ancestorTitles":["Dashboard","HTML Structure"],"duration":0,"failureDetails":[],"failureMessages":[],"fullName":"Dashboard HTML Structure should have revenue chart","invocations":1,"location":null,"numPassingAsserts":2,"retryReasons":[],"status":"passed","title":"should have revenue chart"},{"ancestorTitles":["Dashboard","HTML Structure"],"duration":0,"failureDetails":[],"failureMessages":[],"fullName":"Dashboard HTML Structure should have product list","invocations":1,"location":null,"numPassingAsserts":2,"retryReasons":[],"status":"passed","title":"should have product list"},{"ancestorTitles":["Dashboard","HTML Structure"],"duration":0,"failureDetails":[],"failureMessages":[],"fullName":"Dashboard HTML Structure should have quick actions","invocations":1,"location":null,"numPassingAsserts":2,"retryReasons":[],"status":"passed","title":"should have quick actions"},{"ancestorTitles":["Dashboard","CSS Styling"],"duration":0,"failureDetails":[],"failureMessages":[],"fullName":"Dashboard CSS Styling should define dashboard CSS variables","invocations":1,"location":null,"numPassingAsserts":5,"retryReasons":[],"status":"passed","title":"should define dashboard CSS variables"},{"ancestorTitles":["Dashboard","CSS Styling"],"duration":0,"failureDetails":[],"failureMessages":[],"fullName":"Dashboard CSS Styling should have status colors defined","invocations":1,"location":null,"numPassingAsserts":4,"retryReasons":[],"status":"passed","title":"should have status colors defined"},{"ancestorTitles":["Dashboard","CSS Styling"],"duration":1,"failureDetails":[],"failureMessages":[],"fullName":"Dashboard CSS Styling should have responsive breakpoints","invocations":1,"location":null,"numPassingAsserts":3,"retryReasons":[],"status":"passed","title":"should have responsive breakpoints"},{"ancestorTitles":["Dashboard","CSS Styling"],"duration":0,"failureDetails":[],"failureMessages":[],"fullName":"Dashboard CSS Styling should have sidebar styles","invocations":1,"location":null,"numPassingAsserts":4,"retryReasons":[],"status":"passed","title":"should have sidebar styles"},{"ancestorTitles":["Dashboard","CSS Styling"],"duration":0,"failureDetails":[],"failureMessages":[],"fullName":"Dashboard CSS Styling should have card styles","invocations":1,"location":null,"numPassingAsserts":3,"retryReasons":[],"status":"passed","title":"should have card styles"},{"ancestorTitles":["Dashboard","CSS Styling"],"duration":0,"failureDetails":[],"failureMessages":[],"fullName":"Dashboard CSS Styling should have stat card styles","invocations":1,"location":null,"numPassingAsserts":4,"retryReasons":[],"status":"passed","title":"should have stat card styles"},{"ancestorTitles":["Dashboard","JavaScript Functionality"],"duration":0,"failureDetails":[],"failureMessages":[],"fullName":"Dashboard JavaScript Functionality should have DOMContentLoaded listener","invocations":1,"location":null,"numPassingAsserts":1,"retryReasons":[],"status":"passed","title":"should have DOMContentLoaded listener"},{"ancestorTitles":["Dashboard","JavaScript Functionality"],"duration":0,"failureDetails":[],"failureMessages":[],"fullName":"Dashboard JavaScript Functionality should have sidebar toggle functionality","invocations":1,"location":null,"numPassingAsserts":2,"retryReasons":[],"status":"passed","title":"should have sidebar toggle functionality"},{"ancestorTitles":["Dashboard","JavaScript Functionality"],"duration":2,"failureDetails":[],"failureMessages":[],"fullName":"Dashboard JavaScript Functionality should have navigation active state handling","invocations":1,"location":null,"numPassingAsserts":3,"retryReasons":[],"status":"passed","title":"should have navigation active state handling"},{"ancestorTitles":["Dashboard","JavaScript Functionality"],"duration":0,"failureDetails":[],"failureMessages":[],"fullName":"Dashboard JavaScript Functionality should have search functionality","invocations":1,"location":null,"numPassingAsserts":2,"retryReasons":[],"status":"passed","title":"should have search functionality"},{"ancestorTitles":["Dashboard","JavaScript Functionality"],"duration":0,"failureDetails":[],"failureMessages":[],"fullName":"Dashboard JavaScript Functionality should have keyboard shortcuts","invocations":1,"location":null,"numPassingAsserts":3,"retryReasons":[],"status":"passed","title":"should have keyboard shortcuts"},{"ancestorTitles":["Dashboard","JavaScript Functionality"],"duration":0,"failureDetails":[],"failureMessages":[],"fullName":"Dashboard JavaScript Functionality should have utility functions exported","invocations":1,"location":null,"numPassingAsserts":4,"retryReasons":[],"status":"passed","title":"should have utility functions exported"},{"ancestorTitles":["Dashboard","Accessibility"],"duration":0,"failureDetails":[],"failureMessages":[],"fullName":"Dashboard Accessibility should have proper ARIA attributes","invocations":1,"location":null,"numPassingAsserts":1,"retryReasons":[],"status":"passed","title":"should have proper ARIA attributes"},{"ancestorTitles":["Dashboard","Accessibility"],"duration":0,"failureDetails":[],"failureMessages":[],"fullName":"Dashboard Accessibility should have lang attribute on html","invocations":1,"location":null,"numPassingAsserts":1,"retryReasons":[],"status":"passed","title":"should have lang attribute on html"},{"ancestorTitles":["Dashboard","Accessibility"],"duration":1,"failureDetails":[],"failureMessages":[],"fullName":"Dashboard Accessibility should have viewport meta tag","invocations":1,"location":null,"numPassingAsserts":2,"retryReasons":[],"status":"passed","title":"should have viewport meta tag"},{"ancestorTitles":["Dashboard","File Size Checks"],"duration":0,"failureDetails":[],"failureMessages":[],"fullName":"Dashboard File Size Checks HTML file should be under 100KB","invocations":1,"location":null,"numPassingAsserts":1,"retryReasons":[],"status":"passed","title":"HTML file should be under 100KB"},{"ancestorTitles":["Dashboard","File Size Checks"],"duration":0,"failureDetails":[],"failureMessages":[],"fullName":"Dashboard File Size Checks CSS file should be under 50KB","invocations":1,"location":null,"numPassingAsserts":1,"retryReasons":[],"status":"passed","title":"CSS file should be under 50KB"},{"ancestorTitles":["Dashboard","File Size Checks"],"duration":0,"failureDetails":[],"failureMessages":[],"fullName":"Dashboard File Size Checks JS file should be under 30KB","invocations":1,"location":null,"numPassingAsserts":1,"retryReasons":[],"status":"passed","title":"JS file should be under 30KB"},{"ancestorTitles":["Dashboard Components","Stats Cards"],"duration":0,"failureDetails":[],"failureMessages":[],"fullName":"Dashboard Components Stats Cards should have revenue stat card","invocations":1,"location":null,"numPassingAsserts":2,"retryReasons":[],"status":"passed","title":"should have revenue stat card"},{"ancestorTitles":["Dashboard Components","Stats Cards"],"duration":0,"failureDetails":[],"failureMessages":[],"fullName":"Dashboard Components Stats Cards should have orders stat card","invocations":1,"location":null,"numPassingAsserts":2,"retryReasons":[],"status":"passed","title":"should have orders stat card"},{"ancestorTitles":["Dashboard Components","Stats Cards"],"duration":1,"failureDetails":[],"failureMessages":[],"fullName":"Dashboard Components Stats Cards should have customers stat card","invocations":1,"location":null,"numPassingAsserts":2,"retryReasons":[],"status":"passed","title":"should have customers stat card"},{"ancestorTitles":["Dashboard Components","Stats Cards"],"duration":0,"failureDetails":[],"failureMessages":[],"fullName":"Dashboard Components Stats Cards should have products stat card","invocations":1,"location":null,"numPassingAsserts":2,"retryReasons":[],"status":"passed","title":"should have products stat card"},{"ancestorTitles":["Dashboard Components","New Dashboard Components"],"duration":0,"failureDetails":[],"failureMessages":[],"fullName":"Dashboard Components New Dashboard Components should have Modal component","invocations":1,"location":null,"numPassingAsserts":3,"retryReasons":[],"status":"passed","title":"should have Modal component"},{"ancestorTitles":["Dashboard Components","New Dashboard Components"],"duration":0,"failureDetails":[],"failureMessages":[],"fullName":"Dashboard Components New Dashboard Components should have Toast component","invocations":1,"location":null,"numPassingAsserts":3,"retryReasons":[],"status":"passed","title":"should have Toast component"},{"ancestorTitles":["Dashboard Components","New Dashboard Components"],"duration":0,"failureDetails":[],"failureMessages":[],"fullName":"Dashboard Components New Dashboard Components should have DateRangePicker component","invocations":1,"location":null,"numPassingAsserts":2,"retryReasons":[],"status":"passed","title":"should have DateRangePicker component"},{"ancestorTitles":["Dashboard Components","New Dashboard Components"],"duration":0,"failureDetails":[],"failureMessages":[],"fullName":"Dashboard Components New Dashboard Components should have Pagination component","invocations":1,"location":null,"numPassingAsserts":2,"retryReasons":[],"status":"passed","title":"should have Pagination component"},{"ancestorTitles":["Dashboard Components","New Dashboard Components"],"duration":0,"failureDetails":[],"failureMessages":[],"fullName":"Dashboard Components New Dashboard Components should have FilterDropdown component","invocations":1,"location":null,"numPassingAsserts":2,"retryReasons":[],"status":"passed","title":"should have FilterDropdown component"},{"ancestorTitles":["Dashboard Components","New Dashboard Components"],"duration":1,"failureDetails":[],"failureMessages":[],"fullName":"Dashboard Components New Dashboard Components should have Skeleton loading component","invocations":1,"location":null,"numPassingAsserts":2,"retryReasons":[],"status":"passed","title":"should have Skeleton loading component"},{"ancestorTitles":["Dashboard Components","New Dashboard Components"],"duration":0,"failureDetails":[],"failureMessages":[],"fullName":"Dashboard Components New Dashboard Components should have ExportButton component","invocations":1,"location":null,"numPassingAsserts":2,"retryReasons":[],"status":"passed","title":"should have ExportButton component"},{"ancestorTitles":["Dashboard Components","New Dashboard Components"],"duration":0,"failureDetails":[],"failureMessages":[],"fullName":"Dashboard Components New Dashboard Components should have SearchBox component","invocations":1,"location":null,"numPassingAsserts":2,"retryReasons":[],"status":"passed","title":"should have SearchBox component"},{"ancestorTitles":["Dashboard Components","New Dashboard Components"],"duration":0,"failureDetails":[],"failureMessages":[],"fullName":"Dashboard Components New Dashboard Components should have Confirm dialog component","invocations":1,"location":null,"numPassingAsserts":2,"retryReasons":[],"status":"passed","title":"should have Confirm dialog component"},{"ancestorTitles":["Dashboard Components","Dashboard Enhanced Features"],"duration":0,"failureDetails":[],"failureMessages":[],"fullName":"Dashboard Components Dashboard Enhanced Features should have DashboardState","invocations":1,"location":null,"numPassingAsserts":3,"retryReasons":[],"status":"passed","title":"should have DashboardState"},{"ancestorTitles":["Dashboard Components","Dashboard Enhanced Features"],"duration":0,"failureDetails":[],"failureMessages":[],"fullName":"Dashboard Components Dashboard Enhanced Features should have initializeDashboard function","invocations":1,"location":null,"numPassingAsserts":1,"retryReasons":[],"status":"passed","title":"should have initializeDashboard function"},{"ancestorTitles":["Dashboard Components","Dashboard Enhanced Features"],"duration":0,"failureDetails":[],"failureMessages":[],"fullName":"Dashboard Components Dashboard Enhanced Features should have loadOrders function","invocations":1,"location":null,"numPassingAsserts":1,"retryReasons":[],"status":"passed","title":"should have loadOrders function"},{"ancestorTitles":["Dashboard Components","Dashboard Enhanced Features"],"duration":0,"failureDetails":[],"failureMessages":[],"fullName":"Dashboard Components Dashboard Enhanced Features should have showOrderDetail function","invocations":1,"location":null,"numPassingAsserts":1,"retryReasons":[],"status":"passed","title":"should have showOrderDetail function"},{"ancestorTitles":["Dashboard Components","Dashboard Enhanced Features"],"duration":0,"failureDetails":[],"failureMessages":[],"fullName":"Dashboard Components Dashboard Enhanced Features should have handleOrderAction function","invocations":1,"location":null,"numPassingAsserts":1,"retryReasons":[],"status":"passed","title":"should have handleOrderAction function"},{"ancestorTitles":["Dashboard Components","Dashboard Enhanced Features"],"duration":0,"failureDetails":[],"failureMessages":[],"fullName":"Dashboard Components Dashboard Enhanced Features should have exportData function","invocations":1,"location":null,"numPassingAsserts":2,"retryReasons":[],"status":"passed","title":"should have exportData function"},{"ancestorTitles":["Dashboard Components","Dashboard Enhanced Features"],"duration":0,"failureDetails":[],"failureMessages":[],"fullName":"Dashboard Components Dashboard Enhanced Features should have refreshData function","invocations":1,"location":null,"numPassingAsserts":1,"retryReasons":[],"status":"passed","title":"should have refreshData function"},{"ancestorTitles":["Dashboard Components","Dashboard Enhanced Features"],"duration":0,"failureDetails":[],"failureMessages":[],"fullName":"Dashboard Components Dashboard Enhanced Features should have mock data methods","invocations":1,"location":null,"numPassingAsserts":4,"retryReasons":[],"status":"passed","title":"should have mock data methods"},{"ancestorTitles":["Dashboard Components","Status Badges"],"duration":0,"failureDetails":[],"failureMessages":[],"fullName":"Dashboard Components Status Badges should have completed status badge","invocations":1,"location":null,"numPassingAsserts":2,"retryReasons":[],"status":"passed","title":"should have completed status badge"},{"ancestorTitles":["Dashboard Components","Status Badges"],"duration":0,"failureDetails":[],"failureMessages":[],"fullName":"Dashboard Components Status Badges should have processing status badge","invocations":1,"location":null,"numPassingAsserts":2,"retryReasons":[],"status":"passed","title":"should have processing status badge"},{"ancestorTitles":["Dashboard Components","Status Badges"],"duration":0,"failureDetails":[],"failureMessages":[],"fullName":"Dashboard Components Status Badges should have pending status badge","invocations":1,"location":null,"numPassingAsserts":2,"retryReasons":[],"status":"passed","title":"should have pending status badge"},{"ancestorTitles":["Dashboard Components","Status Badges"],"duration":1,"failureDetails":[],"failureMessages":[],"fullName":"Dashboard Components Status Badges should have cancelled status badge style","invocations":1,"location":null,"numPassingAsserts":2,"retryReasons":[],"status":"passed","title":"should have cancelled status badge style"}],"endTime":1773545116535,"message":"","name":"/Users/mac/mekong-cli/apps/fnb-caffe-container/tests/dashboard.test.js","startTime":1773545116506,"status":"passed","summary":""},{"assertionResults":[{"ancestorTitles":["Kitchen Display System","HTML Structure"],"duration":0,"failureDetails":[],"failureMessages":[],"fullName":"Kitchen Display System HTML Structure should have valid HTML5 structure","invocations":1,"location":null,"numPassingAsserts":4,"retryReasons":[],"status":"passed","title":"should have valid HTML5 structure"},{"ancestorTitles":["Kitchen Display System","HTML Structure"],"duration":0,"failureDetails":[],"failureMessages":[],"fullName":"Kitchen Display System HTML Structure should have proper charset and viewport","invocations":1,"location":null,"numPassingAsserts":3,"retryReasons":[],"status":"passed","title":"should have proper charset and viewport"},{"ancestorTitles":["Kitchen Display System","HTML Structure"],"duration":0,"failureDetails":[],"failureMessages":[],"fullName":"Kitchen Display System HTML Structure should have KDS title","invocations":1,"location":null,"numPassingAsserts":1,"retryReasons":[],"status":"passed","title":"should have KDS title"},{"ancestorTitles":["Kitchen Display System","HTML Structure"],"duration":0,"failureDetails":[],"failureMessages":[],"fullName":"Kitchen Display System HTML Structure should have robots noindex for SEO","invocations":1,"location":null,"numPassingAsserts":2,"retryReasons":[],"status":"passed","title":"should have robots noindex for SEO"},{"ancestorTitles":["Kitchen Display System","HTML Structure"],"duration":0,"failureDetails":[],"failureMessages":[],"fullName":"Kitchen Display System HTML Structure should have chef emoji favicon","invocations":1,"location":null,"numPassingAsserts":2,"retryReasons":[],"status":"passed","title":"should have chef emoji favicon"},{"ancestorTitles":["Kitchen Display System","KDS Header"],"duration":0,"failureDetails":[],"failureMessages":[],"fullName":"Kitchen Display System KDS Header should have header with kds-header class","invocations":1,"location":null,"numPassingAsserts":1,"retryReasons":[],"status":"passed","title":"should have header with kds-header class"},{"ancestorTitles":["Kitchen Display System","KDS Header"],"duration":0,"failureDetails":[],"failureMessages":[],"fullName":"Kitchen Display System KDS Header should have KDS logo","invocations":1,"location":null,"numPassingAsserts":2,"retryReasons":[],"status":"passed","title":"should have KDS logo"},{"ancestorTitles":["Kitchen Display System","KDS Header"],"duration":0,"failureDetails":[],"failureMessages":[],"fullName":"Kitchen Display System KDS Header should have title and subtitle","invocations":1,"location":null,"numPassingAsserts":4,"retryReasons":[],"status":"passed","title":"should have title and subtitle"},{"ancestorTitles":["Kitchen Display System","KDS Header"],"duration":0,"failureDetails":[],"failureMessages":[],"fullName":"Kitchen Display System KDS Header should have clock and date display","invocations":1,"location":null,"numPassingAsserts":2,"retryReasons":[],"status":"passed","title":"should have clock and date display"},{"ancestorTitles":["Kitchen Display System","KDS Header"],"duration":0,"failureDetails":[],"failureMessages":[],"fullName":"Kitchen Display System KDS Header should have stats section","invocations":1,"location":null,"numPassingAsserts":1,"retryReasons":[],"status":"passed","title":"should have stats section"},{"ancestorTitles":["Kitchen Display System","KDS Header"],"duration":0,"failureDetails":[],"failureMessages":[],"fullName":"Kitchen Display System KDS Header should have pending stat item","invocations":1,"location":null,"numPassingAsserts":3,"retryReasons":[],"status":"passed","title":"should have pending stat item"},{"ancestorTitles":["Kitchen Display System","KDS Header"],"duration":0,"failureDetails":[],"failureMessages":[],"fullName":"Kitchen Display System KDS Header should have preparing stat item","invocations":1,"location":null,"numPassingAsserts":3,"retryReasons":[],"status":"passed","title":"should have preparing stat item"},{"ancestorTitles":["Kitchen Display System","KDS Header"],"duration":1,"failureDetails":[],"failureMessages":[],"fullName":"Kitchen Display System KDS Header should have ready stat item","invocations":1,"location":null,"numPassingAsserts":3,"retryReasons":[],"status":"passed","title":"should have ready stat item"},{"ancestorTitles":["Kitchen Display System","KDS Header"],"duration":0,"failureDetails":[],"failureMessages":[],"fullName":"Kitchen Display System KDS Header should have settings button","invocations":1,"location":null,"numPassingAsserts":3,"retryReasons":[],"status":"passed","title":"should have settings button"},{"ancestorTitles":["Kitchen Display System","KDS Board - Order Columns"],"duration":0,"failureDetails":[],"failureMessages":[],"fullName":"Kitchen Display System KDS Board - Order Columns should have main board container","invocations":1,"location":null,"numPassingAsserts":1,"retryReasons":[],"status":"passed","title":"should have main board container"},{"ancestorTitles":["Kitchen Display System","KDS Board - Order Columns"],"duration":0,"failureDetails":[],"failureMessages":[],"fullName":"Kitchen Display System KDS Board - Order Columns should have pending column","invocations":1,"location":null,"numPassingAsserts":5,"retryReasons":[],"status":"passed","title":"should have pending column"},{"ancestorTitles":["Kitchen Display System","KDS Board - Order Columns"],"duration":0,"failureDetails":[],"failureMessages":[],"fullName":"Kitchen Display System KDS Board - Order Columns should have preparing column","invocations":1,"location":null,"numPassingAsserts":5,"retryReasons":[],"status":"passed","title":"should have preparing column"},{"ancestorTitles":["Kitchen Display System","KDS Board - Order Columns"],"duration":0,"failureDetails":[],"failureMessages":[],"fullName":"Kitchen Display System KDS Board - Order Columns should have ready column","invocations":1,"location":null,"numPassingAsserts":5,"retryReasons":[],"status":"passed","title":"should have ready column"},{"ancestorTitles":["Kitchen Display System","KDS Board - Order Columns"],"duration":1,"failureDetails":[],"failureMessages":[],"fullName":"Kitchen Display System KDS Board - Order Columns should have completed column","invocations":1,"location":null,"numPassingAsserts":5,"retryReasons":[],"status":"passed","title":"should have completed column"},{"ancestorTitles":["Kitchen Display System","KDS Board - Order Columns"],"duration":0,"failureDetails":[],"failureMessages":[],"fullName":"Kitchen Display System KDS Board - Order Columns should have order containers for each column","invocations":1,"location":null,"numPassingAsserts":4,"retryReasons":[],"status":"passed","title":"should have order containers for each column"},{"ancestorTitles":["Kitchen Display System","New Order Alert System"],"duration":0,"failureDetails":[],"failureMessages":[],"fullName":"Kitchen Display System New Order Alert System should have order alert container","invocations":1,"location":null,"numPassingAsserts":2,"retryReasons":[],"status":"passed","title":"should have order alert container"},{"ancestorTitles":["Kitchen Display System","New Order Alert System"],"duration":0,"failureDetails":[],"failureMessages":[],"fullName":"Kitchen Display System New Order Alert System should have alert icon","invocations":1,"location":null,"numPassingAsserts":2,"retryReasons":[],"status":"passed","title":"should have alert icon"},{"ancestorTitles":["Kitchen Display System","New Order Alert System"],"duration":0,"failureDetails":[],"failureMessages":[],"fullName":"Kitchen Display System New Order Alert System should have alert content with order ID","invocations":1,"location":null,"numPassingAsserts":3,"retryReasons":[],"status":"passed","title":"should have alert content with order ID"},{"ancestorTitles":["Kitchen Display System","New Order Alert System"],"duration":0,"failureDetails":[],"failureMessages":[],"fullName":"Kitchen Display System New Order Alert System should have dismiss button","invocations":1,"location":null,"numPassingAsserts":3,"retryReasons":[],"status":"passed","title":"should have dismiss button"},{"ancestorTitles":["Kitchen Display System","Settings Modal"],"duration":0,"failureDetails":[],"failureMessages":[],"fullName":"Kitchen Display System Settings Modal should have settings modal","invocations":1,"location":null,"numPassingAsserts":2,"retryReasons":[],"status":"passed","title":"should have settings modal"},{"ancestorTitles":["Kitchen Display System","Settings Modal"],"duration":1,"failureDetails":[],"failureMessages":[],"fullName":"Kitchen Display System Settings Modal should have modal overlay","invocations":1,"location":null,"numPassingAsserts":1,"retryReasons":[],"status":"passed","title":"should have modal overlay"},{"ancestorTitles":["Kitchen Display System","Settings Modal"],"duration":0,"failureDetails":[],"failureMessages":[],"fullName":"Kitchen Display System Settings Modal should have modal header with title and close button","invocations":1,"location":null,"numPassingAsserts":3,"retryReasons":[],"status":"passed","title":"should have modal header with title and close button"},{"ancestorTitles":["Kitchen Display System","Settings Modal"],"duration":0,"failureDetails":[],"failureMessages":[],"fullName":"Kitchen Display System Settings Modal should have sound toggle setting","invocations":1,"location":null,"numPassingAsserts":3,"retryReasons":[],"status":"passed","title":"should have sound toggle setting"},{"ancestorTitles":["Kitchen Display System","Settings Modal"],"duration":0,"failureDetails":[],"failureMessages":[],"fullName":"Kitchen Display System Settings Modal should have auto refresh toggle setting","invocations":1,"location":null,"numPassingAsserts":2,"retryReasons":[],"status":"passed","title":"should have auto refresh toggle setting"},{"ancestorTitles":["Kitchen Display System","Settings Modal"],"duration":0,"failureDetails":[],"failureMessages":[],"fullName":"Kitchen Display System Settings Modal should have refresh interval input","invocations":1,"location":null,"numPassingAsserts":5,"retryReasons":[],"status":"passed","title":"should have refresh interval input"},{"ancestorTitles":["Kitchen Display System","Settings Modal"],"duration":0,"failureDetails":[],"failureMessages":[],"fullName":"Kitchen Display System Settings Modal should have view all orders button","invocations":1,"location":null,"numPassingAsserts":2,"retryReasons":[],"status":"passed","title":"should have view all orders button"},{"ancestorTitles":["Kitchen Display System","Settings Modal"],"duration":0,"failureDetails":[],"failureMessages":[],"fullName":"Kitchen Display System Settings Modal should have test order generator button","invocations":1,"location":null,"numPassingAsserts":2,"retryReasons":[],"status":"passed","title":"should have test order generator button"},{"ancestorTitles":["Kitchen Display System","Order Detail Modal"],"duration":0,"failureDetails":[],"failureMessages":[],"fullName":"Kitchen Display System Order Detail Modal should have order detail modal","invocations":1,"location":null,"numPassingAsserts":2,"retryReasons":[],"status":"passed","title":"should have order detail modal"},{"ancestorTitles":["Kitchen Display System","Order Detail Modal"],"duration":1,"failureDetails":[],"failureMessages":[],"fullName":"Kitchen Display System Order Detail Modal should have order detail title","invocations":1,"location":null,"numPassingAsserts":2,"retryReasons":[],"status":"passed","title":"should have order detail title"},{"ancestorTitles":["Kitchen Display System","Order Detail Modal"],"duration":0,"failureDetails":[],"failureMessages":[],"fullName":"Kitchen Display System Order Detail Modal should have order detail close button","invocations":1,"location":null,"numPassingAsserts":1,"retryReasons":[],"status":"passed","title":"should have order detail close button"},{"ancestorTitles":["Kitchen Display System","Order Detail Modal"],"duration":0,"failureDetails":[],"failureMessages":[],"fullName":"Kitchen Display System Order Detail Modal should have order detail body container","invocations":1,"location":null,"numPassingAsserts":1,"retryReasons":[],"status":"passed","title":"should have order detail body container"},{"ancestorTitles":["Kitchen Display System","KDS JavaScript - State Management"],"duration":1,"failureDetails":[],"failureMessages":[],"fullName":"Kitchen Display System KDS JavaScript - State Management should have KDS_STATE object","invocations":1,"location":null,"numPassingAsserts":4,"retryReasons":[],"status":"passed","title":"should have KDS_STATE object"},{"ancestorTitles":["Kitchen Display System","KDS JavaScript - State Management"],"duration":1,"failureDetails":[],"failureMessages":[],"fullName":"Kitchen Display System KDS JavaScript - State Management should have settings configuration","invocations":1,"location":null,"numPassingAsserts":4,"retryReasons":[],"status":"passed","title":"should have settings configuration"},{"ancestorTitles":["Kitchen Display System","KDS JavaScript - State Management"],"duration":0,"failureDetails":[],"failureMessages":[],"fullName":"Kitchen Display System KDS JavaScript - State Management should have stats tracking","invocations":1,"location":null,"numPassingAsserts":4,"retryReasons":[],"status":"passed","title":"should have stats tracking"},{"ancestorTitles":["Kitchen Display System","Menu Items Configuration"],"duration":0,"failureDetails":[],"failureMessages":[],"fullName":"Kitchen Display System Menu Items Configuration should have MENU_ITEMS with drinks","invocations":1,"location":null,"numPassingAsserts":5,"retryReasons":[],"status":"passed","title":"should have MENU_ITEMS with drinks"},{"ancestorTitles":["Kitchen Display System","Menu Items Configuration"],"duration":0,"failureDetails":[],"failureMessages":[],"fullName":"Kitchen Display System Menu Items Configuration should have MENU_ITEMS with food","invocations":1,"location":null,"numPassingAsserts":4,"retryReasons":[],"status":"passed","title":"should have MENU_ITEMS with food"},{"ancestorTitles":["Kitchen Display System","Menu Items Configuration"],"duration":1,"failureDetails":[],"failureMessages":[],"fullName":"Kitchen Display System Menu Items Configuration should have menu item properties","invocations":1,"location":null,"numPassingAsserts":5,"retryReasons":[],"status":"passed","title":"should have menu item properties"},{"ancestorTitles":["Kitchen Display System","Order Status Constants"],"duration":0,"failureDetails":[],"failureMessages":[],"fullName":"Kitchen Display System Order Status Constants should have ORDER_STATUS enum","invocations":1,"location":null,"numPassingAsserts":5,"retryReasons":[],"status":"passed","title":"should have ORDER_STATUS enum"},{"ancestorTitles":["Kitchen Display System","Priority System"],"duration":0,"failureDetails":[],"failureMessages":[],"fullName":"Kitchen Display System Priority System should have PRIORITY enum","invocations":1,"location":null,"numPassingAsserts":4,"retryReasons":[],"status":"passed","title":"should have PRIORITY enum"},{"ancestorTitles":["Kitchen Display System","Order ID Generator"],"duration":0,"failureDetails":[],"failureMessages":[],"fullName":"Kitchen Display System Order ID Generator should have generateOrderId function","invocations":1,"location":null,"numPassingAsserts":2,"retryReasons":[],"status":"passed","title":"should have generateOrderId function"},{"ancestorTitles":["Kitchen Display System","Order ID Generator"],"duration":0,"failureDetails":[],"failureMessages":[],"fullName":"Kitchen Display System Order ID Generator should have generateTableNumber function","invocations":1,"location":null,"numPassingAsserts":1,"retryReasons":[],"status":"passed","title":"should have generateTableNumber function"},{"ancestorTitles":["Kitchen Display System","Order ID Generator"],"duration":0,"failureDetails":[],"failureMessages":[],"fullName":"Kitchen Display System Order ID Generator should have generateRandomOrder function","invocations":1,"location":null,"numPassingAsserts":3,"retryReasons":[],"status":"passed","title":"should have generateRandomOrder function"},{"ancestorTitles":["Kitchen Display System","Local Storage Functions"],"duration":0,"failureDetails":[],"failureMessages":[],"fullName":"Kitchen Display System Local Storage Functions should have loadOrders function","invocations":1,"location":null,"numPassingAsserts":3,"retryReasons":[],"status":"passed","title":"should have loadOrders function"},{"ancestorTitles":["Kitchen Display System","Local Storage Functions"],"duration":0,"failureDetails":[],"failureMessages":[],"fullName":"Kitchen Display System Local Storage Functions should have saveOrders function","invocations":1,"location":null,"numPassingAsserts":2,"retryReasons":[],"status":"passed","title":"should have saveOrders function"},{"ancestorTitles":["Kitchen Display System","Local Storage Functions"],"duration":1,"failureDetails":[],"failureMessages":[],"fullName":"Kitchen Display System Local Storage Functions should filter old completed orders","invocations":1,"location":null,"numPassingAsserts":3,"retryReasons":[],"status":"passed","title":"should filter old completed orders"},{"ancestorTitles":["Kitchen Display System","Order Status Transitions"],"duration":0,"failureDetails":[],"failureMessages":[],"fullName":"Kitchen Display System Order Status Transitions should have advanceOrderStatus function","invocations":1,"location":null,"numPassingAsserts":2,"retryReasons":[],"status":"passed","title":"should have advanceOrderStatus function"},{"ancestorTitles":["Kitchen Display System","Order Status Transitions"],"duration":0,"failureDetails":[],"failureMessages":[],"fullName":"Kitchen Display System Order Status Transitions should have moveToPreviousStatus function","invocations":1,"location":null,"numPassingAsserts":1,"retryReasons":[],"status":"passed","title":"should have moveToPreviousStatus function"},{"ancestorTitles":["Kitchen Display System","Order Status Transitions"],"duration":0,"failureDetails":[],"failureMessages":[],"fullName":"Kitchen Display System Order Status Transitions should have proper status flow","invocations":1,"location":null,"numPassingAsserts":3,"retryReasons":[],"status":"passed","title":"should have proper status flow"},{"ancestorTitles":["Kitchen Display System","Format Utilities"],"duration":0,"failureDetails":[],"failureMessages":[],"fullName":"Kitchen Display System Format Utilities should have formatCurrency function","invocations":1,"location":null,"numPassingAsserts":4,"retryReasons":[],"status":"passed","title":"should have formatCurrency function"},{"ancestorTitles":["Kitchen Display System","Format Utilities"],"duration":0,"failureDetails":[],"failureMessages":[],"fullName":"Kitchen Display System Format Utilities should have formatTime function","invocations":1,"location":null,"numPassingAsserts":3,"retryReasons":[],"status":"passed","title":"should have formatTime function"},{"ancestorTitles":["Kitchen Display System","Format Utilities"],"duration":0,"failureDetails":[],"failureMessages":[],"fullName":"Kitchen Display System Format Utilities should have formatDuration function","invocations":1,"location":null,"numPassingAsserts":3,"retryReasons":[],"status":"passed","title":"should have formatDuration function"},{"ancestorTitles":["Kitchen Display System","Format Utilities"],"duration":0,"failureDetails":[],"failureMessages":[],"fullName":"Kitchen Display System Format Utilities should have getPriorityClass function","invocations":1,"location":null,"numPassingAsserts":3,"retryReasons":[],"status":"passed","title":"should have getPriorityClass function"},{"ancestorTitles":["Kitchen Display System","Format Utilities"],"duration":1,"failureDetails":[],"failureMessages":[],"fullName":"Kitchen Display System Format Utilities should have getPriorityLabel function","invocations":1,"location":null,"numPassingAsserts":3,"retryReasons":[],"status":"passed","title":"should have getPriorityLabel function"},{"ancestorTitles":["Kitchen Display System","Order Card Rendering"],"duration":0,"failureDetails":[],"failureMessages":[],"fullName":"Kitchen Display System Order Card Rendering should have renderOrderCard function","invocations":1,"location":null,"numPassingAsserts":2,"retryReasons":[],"status":"passed","title":"should have renderOrderCard function"},{"ancestorTitles":["Kitchen Display System","Order Card Rendering"],"duration":0,"failureDetails":[],"failureMessages":[],"fullName":"Kitchen Display System Order Card Rendering should render order header with ID and priority","invocations":1,"location":null,"numPassingAsserts":3,"retryReasons":[],"status":"passed","title":"should render order header with ID and priority"},{"ancestorTitles":["Kitchen Display System","Order Card Rendering"],"duration":0,"failureDetails":[],"failureMessages":[],"fullName":"Kitchen Display System Order Card Rendering should render order items","invocations":1,"location":null,"numPassingAsserts":4,"retryReasons":[],"status":"passed","title":"should render order items"},{"ancestorTitles":["Kitchen Display System","Order Card Rendering"],"duration":0,"failureDetails":[],"failureMessages":[],"fullName":"Kitchen Display System Order Card Rendering should render order footer with total and timer","invocations":1,"location":null,"numPassingAsserts":3,"retryReasons":[],"status":"passed","title":"should render order footer with total and timer"},{"ancestorTitles":["Kitchen Display System","Order Card Rendering"],"duration":0,"failureDetails":[],"failureMessages":[],"fullName":"Kitchen Display System Order Card Rendering should have order action buttons","invocations":1,"location":null,"numPassingAsserts":3,"retryReasons":[],"status":"passed","title":"should have order action buttons"},{"ancestorTitles":["Kitchen Display System","Order Card Rendering"],"duration":0,"failureDetails":[],"failureMessages":[],"fullName":"Kitchen Display System Order Card Rendering should handle dine-in and takeaway order types","invocations":1,"location":null,"numPassingAsserts":3,"retryReasons":[],"status":"passed","title":"should handle dine-in and takeaway order types"},{"ancestorTitles":["Kitchen Display System","Render All Orders"],"duration":0,"failureDetails":[],"failureMessages":[],"fullName":"Kitchen Display System Render All Orders should have renderAllOrders function","invocations":1,"location":null,"numPassingAsserts":1,"retryReasons":[],"status":"passed","title":"should have renderAllOrders function"},{"ancestorTitles":["Kitchen Display System","Render All Orders"],"duration":1,"failureDetails":[],"failureMessages":[],"fullName":"Kitchen Display System Render All Orders should get all column containers","invocations":1,"location":null,"numPassingAsserts":5,"retryReasons":[],"status":"passed","title":"should get all column containers"},{"ancestorTitles":["Kitchen Display System","Render All Orders"],"duration":0,"failureDetails":[],"failureMessages":[],"fullName":"Kitchen Display System Render All Orders should filter orders by status","invocations":1,"location":null,"numPassingAsserts":3,"retryReasons":[],"status":"passed","title":"should filter orders by status"},{"ancestorTitles":["Kitchen Display System","Render All Orders"],"duration":0,"failureDetails":[],"failureMessages":[],"fullName":"Kitchen Display System Render All Orders should have empty state fallback","invocations":1,"location":null,"numPassingAsserts":2,"retryReasons":[],"status":"passed","title":"should have empty state fallback"},{"ancestorTitles":["Kitchen Display System","Stats Update"],"duration":0,"failureDetails":[],"failureMessages":[],"fullName":"Kitchen Display System Stats Update should have updateStats function","invocations":1,"location":null,"numPassingAsserts":1,"retryReasons":[],"status":"passed","title":"should have updateStats function"},{"ancestorTitles":["Kitchen Display System","Stats Update"],"duration":0,"failureDetails":[],"failureMessages":[],"fullName":"Kitchen Display System Stats Update should update stat DOM elements","invocations":1,"location":null,"numPassingAsserts":4,"retryReasons":[],"status":"passed","title":"should update stat DOM elements"},{"ancestorTitles":["Kitchen Display System","Clock System"],"duration":0,"failureDetails":[],"failureMessages":[],"fullName":"Kitchen Display System Clock System should have updateClock function","invocations":1,"location":null,"numPassingAsserts":1,"retryReasons":[],"status":"passed","title":"should have updateClock function"},{"ancestorTitles":["Kitchen Display System","Clock System"],"duration":0,"failureDetails":[],"failureMessages":[],"fullName":"Kitchen Display System Clock System should update clock and date elements","invocations":1,"location":null,"numPassingAsserts":2,"retryReasons":[],"status":"passed","title":"should update clock and date elements"},{"ancestorTitles":["Kitchen Display System","Clock System"],"duration":0,"failureDetails":[],"failureMessages":[],"fullName":"Kitchen Display System Clock System should use Vietnamese locale for time","invocations":1,"location":null,"numPassingAsserts":3,"retryReasons":[],"status":"passed","title":"should use Vietnamese locale for time"},{"ancestorTitles":["Kitchen Display System","Clock System"],"duration":0,"failureDetails":[],"failureMessages":[],"fullName":"Kitchen Display System Clock System should have interval timer for clock","invocations":1,"location":null,"numPassingAsserts":1,"retryReasons":[],"status":"passed","title":"should have interval timer for clock"},{"ancestorTitles":["Kitchen Display System","Timer System"],"duration":1,"failureDetails":[],"failureMessages":[],"fullName":"Kitchen Display System Timer System should have updateTimers function","invocations":1,"location":null,"numPassingAsserts":1,"retryReasons":[],"status":"passed","title":"should have updateTimers function"},{"ancestorTitles":["Kitchen Display System","Timer System"],"duration":0,"failureDetails":[],"failureMessages":[],"fullName":"Kitchen Display System Timer System should update order timers","invocations":1,"location":null,"numPassingAsserts":3,"retryReasons":[],"status":"passed","title":"should update order timers"},{"ancestorTitles":["Kitchen Display System","Timer System"],"duration":0,"failureDetails":[],"failureMessages":[],"fullName":"Kitchen Display System Timer System should handle overdue orders","invocations":1,"location":null,"numPassingAsserts":3,"retryReasons":[],"status":"passed","title":"should handle overdue orders"},{"ancestorTitles":["Kitchen Display System","New Order Alert System"],"duration":0,"failureDetails":[],"failureMessages":[],"fullName":"Kitchen Display System New Order Alert System should have checkNewOrders function","invocations":1,"location":null,"numPassingAsserts":2,"retryReasons":[],"status":"passed","title":"should have checkNewOrders function"},{"ancestorTitles":["Kitchen Display System","New Order Alert System"],"duration":0,"failureDetails":[],"failureMessages":[],"fullName":"Kitchen Display System New Order Alert System should have showAlert function","invocations":1,"location":null,"numPassingAsserts":3,"retryReasons":[],"status":"passed","title":"should have showAlert function"},{"ancestorTitles":["Kitchen Display System","New Order Alert System"],"duration":0,"failureDetails":[],"failureMessages":[],"fullName":"Kitchen Display System New Order Alert System should have playNotificationSound function","invocations":1,"location":null,"numPassingAsserts":3,"retryReasons":[],"status":"passed","title":"should have playNotificationSound function"},{"ancestorTitles":["Kitchen Display System","New Order Alert System"],"duration":0,"failureDetails":[],"failureMessages":[],"fullName":"Kitchen Display System New Order Alert System should use Web Audio API for beep","invocations":1,"location":null,"numPassingAsserts":3,"retryReasons":[],"status":"passed","title":"should use Web Audio API for beep"},{"ancestorTitles":["Kitchen Display System","Settings Modal Functions"],"duration":0,"failureDetails":[],"failureMessages":[],"fullName":"Kitchen Display System Settings Modal Functions should have openSettingsModal function","invocations":1,"location":null,"numPassingAsserts":1,"retryReasons":[],"status":"passed","title":"should have openSettingsModal function"},{"ancestorTitles":["Kitchen Display System","Settings Modal Functions"],"duration":1,"failureDetails":[],"failureMessages":[],"fullName":"Kitchen Display System Settings Modal Functions should have closeSettingsModal function","invocations":1,"location":null,"numPassingAsserts":1,"retryReasons":[],"status":"passed","title":"should have closeSettingsModal function"},{"ancestorTitles":["Kitchen Display System","Settings Modal Functions"],"duration":0,"failureDetails":[],"failureMessages":[],"fullName":"Kitchen Display System Settings Modal Functions should have closeOrderDetailModal function","invocations":1,"location":null,"numPassingAsserts":1,"retryReasons":[],"status":"passed","title":"should have closeOrderDetailModal function"},{"ancestorTitles":["Kitchen Display System","Settings Modal Functions"],"duration":0,"failureDetails":[],"failureMessages":[],"fullName":"Kitchen Display System Settings Modal Functions should have initSettings function","invocations":1,"location":null,"numPassingAsserts":1,"retryReasons":[],"status":"passed","title":"should have initSettings function"},{"ancestorTitles":["Kitchen Display System","Settings Modal Functions"],"duration":0,"failureDetails":[],"failureMessages":[],"fullName":"Kitchen Display System Settings Modal Functions should have toggle sound handler","invocations":1,"location":null,"numPassingAsserts":2,"retryReasons":[],"status":"passed","title":"should have toggle sound handler"},{"ancestorTitles":["Kitchen Display System","Settings Modal Functions"],"duration":0,"failureDetails":[],"failureMessages":[],"fullName":"Kitchen Display System Settings Modal Functions should have toggle auto refresh handler","invocations":1,"location":null,"numPassingAsserts":2,"retryReasons":[],"status":"passed","title":"should have toggle auto refresh handler"},{"ancestorTitles":["Kitchen Display System","Settings Modal Functions"],"duration":0,"failureDetails":[],"failureMessages":[],"fullName":"Kitchen Display System Settings Modal Functions should have refresh interval input handler","invocations":1,"location":null,"numPassingAsserts":3,"retryReasons":[],"status":"passed","title":"should have refresh interval input handler"},{"ancestorTitles":["Kitchen Display System","Test Order Generator"],"duration":0,"failureDetails":[],"failureMessages":[],"fullName":"Kitchen Display System Test Order Generator should have test order button handler","invocations":1,"location":null,"numPassingAsserts":3,"retryReasons":[],"status":"passed","title":"should have test order button handler"},{"ancestorTitles":["Kitchen Display System","Test Order Generator"],"duration":0,"failureDetails":[],"failureMessages":[],"fullName":"Kitchen Display System Test Order Generator should have view all orders button handler","invocations":1,"location":null,"numPassingAsserts":2,"retryReasons":[],"status":"passed","title":"should have view all orders button handler"},{"ancestorTitles":["Kitchen Display System","KDS Initialization"],"duration":0,"failureDetails":[],"failureMessages":[],"fullName":"Kitchen Display System KDS Initialization should have initKDS function","invocations":1,"location":null,"numPassingAsserts":1,"retryReasons":[],"status":"passed","title":"should have initKDS function"},{"ancestorTitles":["Kitchen Display System","KDS Initialization"],"duration":1,"failureDetails":[],"failureMessages":[],"fullName":"Kitchen Display System KDS Initialization should load orders on init","invocations":1,"location":null,"numPassingAsserts":3,"retryReasons":[],"status":"passed","title":"should load orders on init"},{"ancestorTitles":["Kitchen Display System","KDS Initialization"],"duration":1,"failureDetails":[],"failureMessages":[],"fullName":"Kitchen Display System KDS Initialization should have auto-refresh interval","invocations":1,"location":null,"numPassingAsserts":3,"retryReasons":[],"status":"passed","title":"should have auto-refresh interval"},{"ancestorTitles":["Kitchen Display System","KDS Initialization"],"duration":0,"failureDetails":[],"failureMessages":[],"fullName":"Kitchen Display System KDS Initialization should have timer update interval","invocations":1,"location":null,"numPassingAsserts":1,"retryReasons":[],"status":"passed","title":"should have timer update interval"},{"ancestorTitles":["Kitchen Display System","KDS Initialization"],"duration":0,"failureDetails":[],"failureMessages":[],"fullName":"Kitchen Display System KDS Initialization should attach modal event listeners","invocations":1,"location":null,"numPassingAsserts":3,"retryReasons":[],"status":"passed","title":"should attach modal event listeners"},{"ancestorTitles":["Kitchen Display System","KDS Initialization"],"duration":0,"failureDetails":[],"failureMessages":[],"fullName":"Kitchen Display System KDS Initialization should have overlay click handler","invocations":1,"location":null,"numPassingAsserts":2,"retryReasons":[],"status":"passed","title":"should have overlay click handler"},{"ancestorTitles":["Kitchen Display System","KDS Initialization"],"duration":0,"failureDetails":[],"failureMessages":[],"fullName":"Kitchen Display System KDS Initialization should start on DOMContentLoaded","invocations":1,"location":null,"numPassingAsserts":2,"retryReasons":[],"status":"passed","title":"should start on DOMContentLoaded"},{"ancestorTitles":["Kitchen Display System","Global Function Exports"],"duration":0,"failureDetails":[],"failureMessages":[],"fullName":"Kitchen Display System Global Function Exports should export advanceOrderStatus to window","invocations":1,"location":null,"numPassingAsserts":1,"retryReasons":[],"status":"passed","title":"should export advanceOrderStatus to window"},{"ancestorTitles":["Kitchen Display System","Global Function Exports"],"duration":0,"failureDetails":[],"failureMessages":[],"fullName":"Kitchen Display System Global Function Exports should export moveToPreviousStatus to window","invocations":1,"location":null,"numPassingAsserts":1,"retryReasons":[],"status":"passed","title":"should export moveToPreviousStatus to window"},{"ancestorTitles":["Kitchen Display System","CSS Integration"],"duration":0,"failureDetails":[],"failureMessages":[],"fullName":"Kitchen Display System CSS Integration should link to styles.css or minified version","invocations":1,"location":null,"numPassingAsserts":1,"retryReasons":[],"status":"passed","title":"should link to styles.css or minified version"},{"ancestorTitles":["Kitchen Display System","CSS Integration"],"duration":0,"failureDetails":[],"failureMessages":[],"fullName":"Kitchen Display System CSS Integration should have KDS specific classes in HTML","invocations":1,"location":null,"numPassingAsserts":1,"retryReasons":[],"status":"passed","title":"should have KDS specific classes in HTML"},{"ancestorTitles":["Kitchen Display System","File Size Checks"],"duration":0,"failureDetails":[],"failureMessages":[],"fullName":"Kitchen Display System File Size Checks HTML file should be under 50KB","invocations":1,"location":null,"numPassingAsserts":1,"retryReasons":[],"status":"passed","title":"HTML file should be under 50KB"},{"ancestorTitles":["Kitchen Display System","File Size Checks"],"duration":0,"failureDetails":[],"failureMessages":[],"fullName":"Kitchen Display System File Size Checks JS file should be under 30KB","invocations":1,"location":null,"numPassingAsserts":1,"retryReasons":[],"status":"passed","title":"JS file should be under 30KB"},{"ancestorTitles":["Kitchen Display System","Code Quality"],"duration":0,"failureDetails":[],"failureMessages":[],"fullName":"Kitchen Display System Code Quality should not have TODO comments","invocations":1,"location":null,"numPassingAsserts":1,"retryReasons":[],"status":"passed","title":"should not have TODO comments"},{"ancestorTitles":["Kitchen Display System","Code Quality"],"duration":0,"failureDetails":[],"failureMessages":[],"fullName":"Kitchen Display System Code Quality should use const/let instead of var","invocations":1,"location":null,"numPassingAsserts":1,"retryReasons":[],"status":"passed","title":"should use const/let instead of var"},{"ancestorTitles":["KDS Integration"],"duration":0,"failureDetails":[],"failureMessages":[],"fullName":"KDS Integration should link to kds-app.js or minified version","invocations":1,"location":null,"numPassingAsserts":1,"retryReasons":[],"status":"passed","title":"should link to kds-app.js or minified version"},{"ancestorTitles":["KDS Integration"],"duration":0,"failureDetails":[],"failureMessages":[],"fullName":"KDS Integration should have KDS styles in styles.css","invocations":1,"location":null,"numPassingAsserts":1,"retryReasons":[],"status":"passed","title":"should have KDS styles in styles.css"},{"ancestorTitles":["KDS Integration"],"duration":0,"failureDetails":[],"failureMessages":[],"fullName":"KDS Integration should have order card styles","invocations":1,"location":null,"numPassingAsserts":1,"retryReasons":[],"status":"passed","title":"should have order card styles"},{"ancestorTitles":["KDS Integration"],"duration":0,"failureDetails":[],"failureMessages":[],"fullName":"KDS Integration should have modal styles","invocations":1,"location":null,"numPassingAsserts":2,"retryReasons":[],"status":"passed","title":"should have modal styles"},{"ancestorTitles":["KDS Integration"],"duration":0,"failureDetails":[],"failureMessages":[],"fullName":"KDS Integration should have responsive styles for KDS","invocations":1,"location":null,"numPassingAsserts":1,"retryReasons":[],"status":"passed","title":"should have responsive styles for KDS"}],"endTime":1773545116580,"message":"","name":"/Users/mac/mekong-cli/apps/fnb-caffe-container/tests/kds-system.test.js","startTime":1773545116541,"status":"passed","summary":""},{"assertionResults":[{"ancestorTitles":["Order System","Order Modal"],"duration":0,"failureDetails":[],"failureMessages":[],"fullName":"Order System Order Modal should have order modal structure","invocations":1,"location":null,"numPassingAsserts":3,"retryReasons":[],"status":"passed","title":"should have order modal structure"},{"ancestorTitles":["Order System","Order Modal"],"duration":0,"failureDetails":[],"failureMessages":[],"fullName":"Order System Order Modal should have order tabs (menu/cart)","invocations":1,"location":null,"numPassingAsserts":3,"retryReasons":[],"status":"passed","title":"should have order tabs (menu/cart)"},{"ancestorTitles":["Order System","Order Modal"],"duration":1,"failureDetails":[],"failureMessages":[],"fullName":"Order System Order Modal should have order categories","invocations":1,"location":null,"numPassingAsserts":3,"retryReasons":[],"status":"passed","title":"should have order categories"},{"ancestorTitles":["Order System","Order Modal"],"duration":0,"failureDetails":[],"failureMessages":[],"fullName":"Order System Order Modal should have cart summary","invocations":1,"location":null,"numPassingAsserts":3,"retryReasons":[],"status":"passed","title":"should have cart summary"},{"ancestorTitles":["Order System","Order Modal"],"duration":0,"failureDetails":[],"failureMessages":[],"fullName":"Order System Order Modal should have checkout button","invocations":1,"location":null,"numPassingAsserts":1,"retryReasons":[],"status":"passed","title":"should have checkout button"},{"ancestorTitles":["Order System","Order JavaScript Functions"],"duration":0,"failureDetails":[],"failureMessages":[],"fullName":"Order System Order JavaScript Functions should have MENU_ITEMS defined","invocations":1,"location":null,"numPassingAsserts":4,"retryReasons":[],"status":"passed","title":"should have MENU_ITEMS defined"},{"ancestorTitles":["Order System","Order JavaScript Functions"],"duration":0,"failureDetails":[],"failureMessages":[],"fullName":"Order System Order JavaScript Functions should have initOrderSystem function","invocations":1,"location":null,"numPassingAsserts":2,"retryReasons":[],"status":"passed","title":"should have initOrderSystem function"},{"ancestorTitles":["Order System","Order JavaScript Functions"],"duration":0,"failureDetails":[],"failureMessages":[],"fullName":"Order System Order JavaScript Functions should have cart management functions","invocations":1,"location":null,"numPassingAsserts":4,"retryReasons":[],"status":"passed","title":"should have cart management functions"},{"ancestorTitles":["Order System","Order JavaScript Functions"],"duration":0,"failureDetails":[],"failureMessages":[],"fullName":"Order System Order JavaScript Functions should have formatPrice function","invocations":1,"location":null,"numPassingAsserts":3,"retryReasons":[],"status":"passed","title":"should have formatPrice function"},{"ancestorTitles":["Order System","Order JavaScript Functions"],"duration":0,"failureDetails":[],"failureMessages":[],"fullName":"Order System Order JavaScript Functions should have initOrderModal function","invocations":1,"location":null,"numPassingAsserts":1,"retryReasons":[],"status":"passed","title":"should have initOrderModal function"},{"ancestorTitles":["Order System","Checkout Page"],"duration":0,"failureDetails":[],"failureMessages":[],"fullName":"Order System Checkout Page should have checkout form","invocations":1,"location":null,"numPassingAsserts":5,"retryReasons":[],"status":"passed","title":"should have checkout form"},{"ancestorTitles":["Order System","Checkout Page"],"duration":0,"failureDetails":[],"failureMessages":[],"fullName":"Order System Checkout Page should have ward selection","invocations":1,"location":null,"numPassingAsserts":4,"retryReasons":[],"status":"passed","title":"should have ward selection"},{"ancestorTitles":["Order System","Checkout Page"],"duration":0,"failureDetails":[],"failureMessages":[],"fullName":"Order System Checkout Page should have delivery time options","invocations":1,"location":null,"numPassingAsserts":4,"retryReasons":[],"status":"passed","title":"should have delivery time options"},{"ancestorTitles":["Order System","Checkout Page"],"duration":1,"failureDetails":[],"failureMessages":[],"fullName":"Order System Checkout Page should have payment methods","invocations":1,"location":null,"numPassingAsserts":5,"retryReasons":[],"status":"passed","title":"should have payment methods"},{"ancestorTitles":["Order System","Checkout Page"],"duration":0,"failureDetails":[],"failureMessages":[],"fullName":"Order System Checkout Page should have order summary section","invocations":1,"location":null,"numPassingAsserts
[...]
s":["Loyalty Rewards System","Loyalty JavaScript"],"duration":0,"failureDetails":[],"failureMessages":[],"fullName":"Loyalty Rewards System Loyalty JavaScript should have transaction history","invocations":1,"location":null,"numPassingAsserts":2,"retryReasons":[],"status":"passed","title":"should have transaction history"},{"ancestorTitles":["Loyalty Rewards System","Loyalty JavaScript"],"duration":0,"failureDetails":[],"failureMessages":[],"fullName":"Loyalty Rewards System Loyalty JavaScript should use localStorage for persistence","invocations":1,"location":null,"numPassingAsserts":3,"retryReasons":[],"status":"passed","title":"should use localStorage for persistence"},{"ancestorTitles":["Loyalty Rewards System","Loyalty JavaScript"],"duration":1,"failureDetails":[],"failureMessages":[],"fullName":"Loyalty Rewards System Loyalty JavaScript should export to window","invocations":1,"location":null,"numPassingAsserts":3,"retryReasons":[],"status":"passed","title":"should export to window"},{"ancestorTitles":["Loyalty Rewards System","Loyalty CSS"],"duration":0,"failureDetails":[],"failureMessages":[],"fullName":"Loyalty Rewards System Loyalty CSS should have tier badge styles","invocations":1,"location":null,"numPassingAsserts":1,"retryReasons":[],"status":"passed","title":"should have tier badge styles"},{"ancestorTitles":["Loyalty Rewards System","Loyalty CSS"],"duration":0,"failureDetails":[],"failureMessages":[],"fullName":"Loyalty Rewards System Loyalty CSS should have points balance styles","invocations":1,"location":null,"numPassingAsserts":1,"retryReasons":[],"status":"passed","title":"should have points balance styles"},{"ancestorTitles":["Loyalty Rewards System","Loyalty CSS"],"duration":0,"failureDetails":[],"failureMessages":[],"fullName":"Loyalty Rewards System Loyalty CSS should have tier progress styles","invocations":1,"location":null,"numPassingAsserts":1,"retryReasons":[],"status":"passed","title":"should have tier progress styles"},{"ancestorTitles":["Loyalty Rewards System","Loyalty CSS"],"duration":0,"failureDetails":[],"failureMessages":[],"fullName":"Loyalty Rewards System Loyalty CSS should have transaction item styles","invocations":1,"location":null,"numPassingAsserts":1,"retryReasons":[],"status":"passed","title":"should have transaction item styles"},{"ancestorTitles":["Loyalty Rewards System","Loyalty CSS"],"duration":0,"failureDetails":[],"failureMessages":[],"fullName":"Loyalty Rewards System Loyalty CSS should have responsive styles","invocations":1,"location":null,"numPassingAsserts":1,"retryReasons":[],"status":"passed","title":"should have responsive styles"},{"ancestorTitles":["Loyalty Rewards System","Loyalty HTML Integration"],"duration":0,"failureDetails":[],"failureMessages":[],"fullName":"Loyalty Rewards System Loyalty HTML Integration should have loyalty section in index.html or separate loyalty page","invocations":1,"location":null,"numPassingAsserts":1,"retryReasons":[],"status":"passed","title":"should have loyalty section in index.html or separate loyalty page"},{"ancestorTitles":["Loyalty Rewards System","Loyalty HTML Integration"],"duration":0,"failureDetails":[],"failureMessages":[],"fullName":"Loyalty Rewards System Loyalty HTML Integration should link to loyalty.js","invocations":1,"location":null,"numPassingAsserts":1,"retryReasons":[],"status":"passed","title":"should link to loyalty.js"},{"ancestorTitles":["Loyalty Rewards System","Loyalty HTML Integration"],"duration":0,"failureDetails":[],"failureMessages":[],"fullName":"Loyalty Rewards System Loyalty HTML Integration should link to loyalty-styles.css","invocations":1,"location":null,"numPassingAsserts":1,"retryReasons":[],"status":"passed","title":"should link to loyalty-styles.css"},{"ancestorTitles":["Loyalty Rewards System","Loyalty Tier Configuration"],"duration":1,"failureDetails":[],"failureMessages":[],"fullName":"Loyalty Rewards System Loyalty Tier Configuration should have Dong tier (0-4999 points)","invocations":1,"location":null,"numPassingAsserts":2,"retryReasons":[],"status":"passed","title":"should have Dong tier (0-4999 points)"},{"ancestorTitles":["Loyalty Rewards System","Loyalty Tier Configuration"],"duration":0,"failureDetails":[],"failureMessages":[],"fullName":"Loyalty Rewards System Loyalty Tier Configuration should have Bac tier (5000-14999 points)","invocations":1,"location":null,"numPassingAsserts":2,"retryReasons":[],"status":"passed","title":"should have Bac tier (5000-14999 points)"},{"ancestorTitles":["Loyalty Rewards System","Loyalty Tier Configuration"],"duration":0,"failureDetails":[],"failureMessages":[],"fullName":"Loyalty Rewards System Loyalty Tier Configuration should have Vang tier (15000-49999 points)","invocations":1,"location":null,"numPassingAsserts":2,"retryReasons":[],"status":"passed","title":"should have Vang tier (15000-49999 points)"},{"ancestorTitles":["Loyalty Rewards System","Loyalty Tier Configuration"],"duration":0,"failureDetails":[],"failureMessages":[],"fullName":"Loyalty Rewards System Loyalty Tier Configuration should have Kim Cuong tier (50000+ points)","invocations":1,"location":null,"numPassingAsserts":2,"retryReasons":[],"status":"passed","title":"should have Kim Cuong tier (50000+ points)"},{"ancestorTitles":["Loyalty Rewards System","Loyalty Performance"],"duration":0,"failureDetails":[],"failureMessages":[],"fullName":"Loyalty Rewards System Loyalty Performance JS file should be under 20KB","invocations":1,"location":null,"numPassingAsserts":1,"retryReasons":[],"status":"passed","title":"JS file should be under 20KB"},{"ancestorTitles":["Loyalty Rewards System","Loyalty Performance"],"duration":0,"failureDetails":[],"failureMessages":[],"fullName":"Loyalty Rewards System Loyalty Performance CSS file should be under 10KB","invocations":1,"location":null,"numPassingAsserts":1,"retryReasons":[],"status":"passed","title":"CSS file should be under 10KB"},{"ancestorTitles":["Loyalty Integration"],"duration":1,"failureDetails":[],"failureMessages":[],"fullName":"Loyalty Integration should have tier upgrade event listener","invocations":1,"location":null,"numPassingAsserts":1,"retryReasons":[],"status":"passed","title":"should have tier upgrade event listener"},{"ancestorTitles":["Loyalty Integration"],"duration":0,"failureDetails":[],"failureMessages":[],"fullName":"Loyalty Integration should have earn rate based on tier","invocations":1,"location":null,"numPassingAsserts":2,"retryReasons":[],"status":"passed","title":"should have earn rate based on tier"},{"ancestorTitles":["Loyalty Integration"],"duration":0,"failureDetails":[],"failureMessages":[],"fullName":"Loyalty Integration should validate points redemption","invocations":1,"location":null,"numPassingAsserts":2,"retryReasons":[],"status":"passed","title":"should validate points redemption"}],"endTime":1773545116753,"message":"","name":"/Users/mac/mekong-cli/apps/fnb-caffe-container/tests/loyalty.test.js","startTime":1773545116733,"status":"passed","summary":""},{"assertionResults":[{"ancestorTitles":["Utility Functions","Format Currency"],"duration":0,"failureDetails":[],"failureMessages":[],"fullName":"Utility Functions Format Currency should have formatCurrency function","invocations":1,"location":null,"numPassingAsserts":1,"retryReasons":[],"status":"passed","title":"should have formatCurrency function"},{"ancestorTitles":["Utility Functions","Format Currency"],"duration":0,"failureDetails":[],"failureMessages":[],"fullName":"Utility Functions Format Currency should use Vietnamese locale for currency","invocations":1,"location":null,"numPassingAsserts":2,"retryReasons":[],"status":"passed","title":"should use Vietnamese locale for currency"},{"ancestorTitles":["Utility Functions","Format Currency"],"duration":0,"failureDetails":[],"failureMessages":[],"fullName":"Utility Functions Format Currency should use Intl.NumberFormat","invocations":1,"location":null,"numPassingAsserts":1,"retryReasons":[],"status":"passed","title":"should use Intl.NumberFormat"},{"ancestorTitles":["Utility Functions","Format Date"],"duration":0,"failureDetails":[],"failureMessages":[],"fullName":"Utility Functions Format Date should have formatDate function","invocations":1,"location":null,"numPassingAsserts":1,"retryReasons":[],"status":"passed","title":"should have formatDate function"},{"ancestorTitles":["Utility Functions","Format Date"],"duration":1,"failureDetails":[],"failureMessages":[],"fullName":"Utility Functions Format Date should use Vietnamese locale for dates","invocations":1,"location":null,"numPassingAsserts":1,"retryReasons":[],"status":"passed","title":"should use Vietnamese locale for dates"},{"ancestorTitles":["Utility Functions","Format Date"],"duration":0,"failureDetails":[],"failureMessages":[],"fullName":"Utility Functions Format Date should use Intl.DateTimeFormat","invocations":1,"location":null,"numPassingAsserts":1,"retryReasons":[],"status":"passed","title":"should use Intl.DateTimeFormat"},{"ancestorTitles":["Utility Functions","Debounce Function"],"duration":0,"failureDetails":[],"failureMessages":[],"fullName":"Utility Functions Debounce Function should have debounce function","invocations":1,"location":null,"numPassingAsserts":1,"retryReasons":[],"status":"passed","title":"should have debounce function"},{"ancestorTitles":["Utility Functions","Debounce Function"],"duration":0,"failureDetails":[],"failureMessages":[],"fullName":"Utility Functions Debounce Function should use setTimeout for debouncing","invocations":1,"location":null,"numPassingAsserts":2,"retryReasons":[],"status":"passed","title":"should use setTimeout for debouncing"},{"ancestorTitles":["Utility Functions","Event Listeners"],"duration":0,"failureDetails":[],"failureMessages":[],"fullName":"Utility Functions Event Listeners should have click event listeners","invocations":1,"location":null,"numPassingAsserts":2,"retryReasons":[],"status":"passed","title":"should have click event listeners"},{"ancestorTitles":["Utility Functions","Event Listeners"],"duration":0,"failureDetails":[],"failureMessages":[],"fullName":"Utility Functions Event Listeners should have keyboard event listeners","invocations":1,"location":null,"numPassingAsserts":2,"retryReasons":[],"status":"passed","title":"should have keyboard event listeners"},{"ancestorTitles":["Utility Functions","Event Listeners"],"duration":0,"failureDetails":[],"failureMessages":[],"fullName":"Utility Functions Event Listeners should have scroll event listeners","invocations":1,"location":null,"numPassingAsserts":1,"retryReasons":[],"status":"passed","title":"should have scroll event listeners"},{"ancestorTitles":["Code Quality"],"duration":0,"failureDetails":[],"failureMessages":[],"fullName":"Code Quality should not have console.log in production code","invocations":1,"location":null,"numPassingAsserts":1,"retryReasons":[],"status":"passed","title":"should not have console.log in production code"},{"ancestorTitles":["Code Quality"],"duration":0,"failureDetails":[],"failureMessages":[],"fullName":"Code Quality should not have TODO comments","invocations":1,"location":null,"numPassingAsserts":1,"retryReasons":[],"status":"passed","title":"should not have TODO comments"},{"ancestorTitles":["Code Quality"],"duration":0,"failureDetails":[],"failureMessages":[],"fullName":"Code Quality should use const/let instead of var","invocations":1,"location":null,"numPassingAsserts":1,"retryReasons":[],"status":"passed","title":"should use const/let instead of var"},{"ancestorTitles":["Code Quality"],"duration":1,"failureDetails":[],"failureMessages":[],"fullName":"Code Quality CSS should use custom properties","invocations":1,"location":null,"numPassingAsserts":1,"retryReasons":[],"status":"passed","title":"CSS should use custom properties"}],"endTime":1773545116777,"message":"","name":"/Users/mac/mekong-cli/apps/fnb-caffe-container/tests/utils.test.js","startTime":1773545116760,"status":"passed","summary":""},{"assertionResults":[{"ancestorTitles":["PWA Features","Manifest"],"duration":1,"failureDetails":[],"failureMessages":[],"fullName":"PWA Features Manifest should have manifest link","invocations":1,"location":null,"numPassingAsserts":1,"retryReasons":[],"status":"passed","title":"should have manifest link"},{"ancestorTitles":["PWA Features","Manifest"],"duration":0,"failureDetails":[],"failureMessages":[],"fullName":"PWA Features Manifest manifest should have name","invocations":1,"location":null,"numPassingAsserts":1,"retryReasons":[],"status":"passed","title":"manifest should have name"},{"ancestorTitles":["PWA Features","Manifest"],"duration":0,"failureDetails":[],"failureMessages":[],"fullName":"PWA Features Manifest manifest should have short_name","invocations":1,"location":null,"numPassingAsserts":1,"retryReasons":[],"status":"passed","title":"manifest should have short_name"},{"ancestorTitles":["PWA Features","Manifest"],"duration":0,"failureDetails":[],"failureMessages":[],"fullName":"PWA Features Manifest manifest should have start_url","invocations":1,"location":null,"numPassingAsserts":1,"retryReasons":[],"status":"passed","title":"manifest should have start_url"},{"ancestorTitles":["PWA Features","Manifest"],"duration":0,"failureDetails":[],"failureMessages":[],"fullName":"PWA Features Manifest manifest should have display mode","invocations":1,"location":null,"numPassingAsserts":1,"retryReasons":[],"status":"passed","title":"manifest should have display mode"},{"ancestorTitles":["PWA Features","Manifest"],"duration":0,"failureDetails":[],"failureMessages":[],"fullName":"PWA Features Manifest manifest should have background_color","invocations":1,"location":null,"numPassingAsserts":1,"retryReasons":[],"status":"passed","title":"manifest should have background_color"},{"ancestorTitles":["PWA Features","Manifest"],"duration":0,"failureDetails":[],"failureMessages":[],"fullName":"PWA Features Manifest manifest should have theme_color","invocations":1,"location":null,"numPassingAsserts":1,"retryReasons":[],"status":"passed","title":"manifest should have theme_color"},{"ancestorTitles":["PWA Features","Manifest"],"duration":1,"failureDetails":[],"failureMessages":[],"fullName":"PWA Features Manifest manifest should have icons","invocations":1,"location":null,"numPassingAsserts":2,"retryReasons":[],"status":"passed","title":"manifest should have icons"},{"ancestorTitles":["PWA Features","Manifest"],"duration":0,"failureDetails":[],"failureMessages":[],"fullName":"PWA Features Manifest manifest should have 192x192 icon","invocations":1,"location":null,"numPassingAsserts":1,"retryReasons":[],"status":"passed","title":"manifest should have 192x192 icon"},{"ancestorTitles":["PWA Features","Manifest"],"duration":0,"failureDetails":[],"failureMessages":[],"fullName":"PWA Features Manifest manifest should have 512x512 icon","invocations":1,"location":null,"numPassingAsserts":1,"retryReasons":[],"status":"passed","title":"manifest should have 512x512 icon"},{"ancestorTitles":["PWA Features","Service Worker"],"duration":0,"failureDetails":[],"failureMessages":[],"fullName":"PWA Features Service Worker should register service worker","invocations":1,"location":null,"numPassingAsserts":1,"retryReasons":[],"status":"passed","title":"should register service worker"},{"ancestorTitles":["PWA Features","Service Worker"],"duration":0,"failureDetails":[],"failureMessages":[],"fullName":"PWA Features Service Worker service worker should have install event","invocations":1,"location":null,"numPassingAsserts":1,"retryReasons":[],"status":"passed","title":"service worker should have install event"},{"ancestorTitles":["PWA Features","Service Worker"],"duration":0,"failureDetails":[],"failureMessages":[],"fullName":"PWA Features Service Worker service worker should have activate event","invocations":1,"location":null,"numPassingAsserts":1,"retryReasons":[],"status":"passed","title":"service worker should have activate event"},{"ancestorTitles":["PWA Features","Service Worker"],"duration":0,"failureDetails":[],"failureMessages":[],"fullName":"PWA Features Service Worker service worker should have fetch event","invocations":1,"location":null,"numPassingAsserts":1,"retryReasons":[],"status":"passed","title":"service worker should have fetch event"},{"ancestorTitles":["PWA Features","Service Worker"],"duration":0,"failureDetails":[],"failureMessages":[],"fullName":"PWA Features Service Worker service worker should cache assets","invocations":1,"location":null,"numPassingAsserts":1,"retryReasons":[],"status":"passed","title":"service worker should cache assets"},{"ancestorTitles":["PWA Features","Service Worker"],"duration":0,"failureDetails":[],"failureMessages":[],"fullName":"PWA Features Service Worker service worker should have cache name","invocations":1,"location":null,"numPassingAsserts":1,"retryReasons":[],"status":"passed","title":"service worker should have cache name"},{"ancestorTitles":["PWA Features","PWA Meta Tags"],"duration":0,"failureDetails":[],"failureMessages":[],"fullName":"PWA Features PWA Meta Tags should have apple-mobile-web-app-capable","invocations":1,"location":null,"numPassingAsserts":1,"retryReasons":[],"status":"passed","title":"should have apple-mobile-web-app-capable"},{"ancestorTitles":["PWA Features","PWA Meta Tags"],"duration":0,"failureDetails":[],"failureMessages":[],"fullName":"PWA Features PWA Meta Tags should have apple-mobile-web-app-status-bar-style","invocations":1,"location":null,"numPassingAsserts":1,"retryReasons":[],"status":"passed","title":"should have apple-mobile-web-app-status-bar-style"},{"ancestorTitles":["PWA Features","PWA Meta Tags"],"duration":0,"failureDetails":[],"failureMessages":[],"fullName":"PWA Features PWA Meta Tags should have apple-mobile-web-app-title","invocations":1,"location":null,"numPassingAsserts":1,"retryReasons":[],"status":"passed","title":"should have apple-mobile-web-app-title"},{"ancestorTitles":["PWA Features","PWA Meta Tags"],"duration":0,"failureDetails":[],"failureMessages":[],"fullName":"PWA Features PWA Meta Tags should have apple touch icons","invocations":1,"location":null,"numPassingAsserts":1,"retryReasons":[],"status":"passed","title":"should have apple touch icons"},{"ancestorTitles":["PWA Features","PWA Meta Tags"],"duration":0,"failureDetails":[],"failureMessages":[],"fullName":"PWA Features PWA Meta Tags should have theme-color meta tag","invocations":1,"location":null,"numPassingAsserts":1,"retryReasons":[],"status":"passed","title":"should have theme-color meta tag"},{"ancestorTitles":["PWA Features","Offline Support"],"duration":0,"failureDetails":[],"failureMessages":[],"fullName":"PWA Features Offline Support should have offline fallback","invocations":1,"location":null,"numPassingAsserts":1,"retryReasons":[],"status":"passed","title":"should have offline fallback"},{"ancestorTitles":["PWA Features","Offline Support"],"duration":0,"failureDetails":[],"failureMessages":[],"fullName":"PWA Features Offline Support should cache index page","invocations":1,"location":null,"numPassingAsserts":1,"retryReasons":[],"status":"passed","title":"should cache index page"},{"ancestorTitles":["PWA Features","Install Prompt"],"duration":0,"failureDetails":[],"failureMessages":[],"fullName":"PWA Features Install Prompt should handle beforeinstallprompt","invocations":1,"location":null,"numPassingAsserts":1,"retryReasons":[],"status":"passed","title":"should handle beforeinstallprompt"},{"ancestorTitles":["PWA Features","Install Prompt"],"duration":0,"failureDetails":[],"failureMessages":[],"fullName":"PWA Features Install Prompt should have install button handler","invocations":1,"location":null,"numPassingAsserts":1,"retryReasons":[],"status":"passed","title":"should have install button handler"}],"endTime":1773545116801,"message":"","name":"/Users/mac/mekong-cli/apps/fnb-caffe-container/tests/pwa-features.test.js","startTime":1773545116782,"status":"passed","summary":""}],"wasInterrupted":false,"coverageMap":{}}
